# JRE version: Java(TM) SE Runtime Environment (7.0_79-b15) (build 1.7.0_79-b15)
# Java VM: Java HotSpot(TM) 64-Bit Server VM (24.79-b02 mixed mode windows-amd64 compressed oops)
Heap
 PSYoungGen      total 279040K, used 201308K [0x00000007ada00000, 0x00000007cfc00000, 0x0000000800000000)
  eden space 256000K, 71% used [0x00000007ada00000,0x00000007b8cacff8,0x00000007bd400000)
  from space 23040K, 79% used [0x00000007bd400000,0x00000007be5ea2a8,0x00000007bea80000)
  to   space 23552K, 0% used [0x00000007ce500000,0x00000007ce500000,0x00000007cfc00000)
 ParOldGen       total 168448K, used 29481K [0x0000000708e00000, 0x0000000713280000, 0x00000007ada00000)
  object space 168448K, 17% used [0x0000000708e00000,0x000000070aaca448,0x0000000713280000)
 PSPermGen       total 43008K, used 42789K [0x0000000703c00000, 0x0000000706600000, 0x0000000708e00000)
  object space 43008K, 99% used [0x0000000703c00000,0x00000007065c9590,0x0000000706600000)
GC Heap History (10 events):
Event: 2.975 GC heap before
{Heap before GC invocations=3 (full 0):
 PSYoungGen      total 74240K, used 74225K [0x00000007ada00000, 0x00000007b6b00000, 0x0000000800000000)
  eden space 64000K, 100% used [0x00000007ada00000,0x00000007b1880000,0x00000007b1880000)
  from space 10240K, 99% used [0x00000007b2280000,0x00000007b2c7c670,0x00000007b2c80000)
  to   space 10240K, 0% used [0x00000007b1880000,0x00000007b1880000,0x00000007b2280000)
 ParOldGen       total 168448K, used 2885K [0x0000000708e00000, 0x0000000713280000, 0x00000007ada00000)
  object space 168448K, 1% used [0x0000000708e00000,0x00000007090d1720,0x0000000713280000)
 PSPermGen       total 21504K, used 20107K [0x0000000703c00000, 0x0000000705100000, 0x0000000708e00000)
  object space 21504K, 93% used [0x0000000703c00000,0x0000000704fa2f08,0x0000000705100000)
Event: 3.007 GC heap after
Heap after GC invocations=3 (full 0):
 PSYoungGen      total 74240K, used 10214K [0x00000007ada00000, 0x00000007b6b00000, 0x0000000800000000)
  eden space 64000K, 0% used [0x00000007ada00000,0x00000007ada00000,0x00000007b1880000)
  from space 10240K, 99% used [0x00000007b1880000,0x00000007b2279818,0x00000007b2280000)
  to   space 10240K, 0% used [0x00000007b6100000,0x00000007b6100000,0x00000007b6b00000)
 ParOldGen       total 168448K, used 6963K [0x0000000708e00000, 0x0000000713280000, 0x00000007ada00000)
  object space 168448K, 4% used [0x0000000708e00000,0x00000007094ccf18,0x0000000713280000)
 PSPermGen       total 21504K, used 20107K [0x0000000703c00000, 0x0000000705100000, 0x0000000708e00000)
  object space 21504K, 93% used [0x0000000703c00000,0x0000000704fa2f08,0x0000000705100000)
}
Event: 4.025 GC heap before
{Heap before GC invocations=4 (full 0):
 PSYoungGen      total 74240K, used 74214K [0x00000007ada00000, 0x00000007b6b00000, 0x0000000800000000)
  eden space 64000K, 100% used [0x00000007ada00000,0x00000007b1880000,0x00000007b1880000)
  from space 10240K, 99% used [0x00000007b1880000,0x00000007b2279818,0x00000007b2280000)
  to   space 10240K, 0% used [0x00000007b6100000,0x00000007b6100000,0x00000007b6b00000)
 ParOldGen       total 168448K, used 6963K [0x0000000708e00000, 0x0000000713280000, 0x00000007ada00000)
  object space 168448K, 4% used [0x0000000708e00000,0x00000007094ccf18,0x0000000713280000)
 PSPermGen       total 22016K, used 21832K [0x0000000703c00000, 0x0000000705180000, 0x0000000708e00000)
  object space 22016K, 99% used [0x0000000703c00000,0x0000000705152070,0x0000000705180000)
Event: 4.115 GC heap after
Heap after GC invocations=4 (full 0):
 PSYoungGen      total 138240K, used 10224K [0x00000007ada00000, 0x00000007b6b00000, 0x0000000800000000)
  eden space 128000K, 0% used [0x00000007ada00000,0x00000007ada00000,0x00000007b5700000)
  from space 10240K, 99% used [0x00000007b6100000,0x00000007b6afc0b8,0x00000007b6b00000)
  to   space 10240K, 0% used [0x00000007b5700000,0x00000007b5700000,0x00000007b6100000)
 ParOldGen       total 168448K, used 15715K [0x0000000708e00000, 0x0000000713280000, 0x00000007ada00000)
  object space 168448K, 9% used [0x0000000708e00000,0x0000000709d58c90,0x0000000713280000)
 PSPermGen       total 22016K, used 21832K [0x0000000703c00000, 0x0000000705180000, 0x0000000708e00000)
  object space 22016K, 99% used [0x0000000703c00000,0x0000000705152070,0x0000000705180000)
}
Event: 25.815 GC heap before
{Heap before GC invocations=5 (full 0):
 PSYoungGen      total 138240K, used 138224K [0x00000007ada00000, 0x00000007b6b00000, 0x0000000800000000)
  eden space 128000K, 100% used [0x00000007ada00000,0x00000007b5700000,0x00000007b5700000)
  from space 10240K, 99% used [0x00000007b6100000,0x00000007b6afc0b8,0x00000007b6b00000)
  to   space 10240K, 0% used [0x00000007b5700000,0x00000007b5700000,0x00000007b6100000)
 ParOldGen       total 168448K, used 15715K [0x0000000708e00000, 0x0000000713280000, 0x00000007ada00000)
  object space 168448K, 9% used [0x0000000708e00000,0x0000000709d58c90,0x0000000713280000)
 PSPermGen       total 30720K, used 30657K [0x0000000703c00000, 0x0000000705a00000, 0x0000000708e00000)
  object space 30720K, 99% used [0x0000000703c00000,0x00000007059f0610,0x0000000705a00000)
Event: 25.843 GC heap after
Heap after GC invocations=5 (full 0):
 PSYoungGen      total 138240K, used 10211K [0x00000007ada00000, 0x00000007c0100000, 0x0000000800000000)
  eden space 128000K, 0% used [0x00000007ada00000,0x00000007ada00000,0x00000007b5700000)
  from space 10240K, 99% used [0x00000007b5700000,0x00000007b60f8d80,0x00000007b6100000)
  to   space 23040K, 0% used [0x00000007bea80000,0x00000007bea80000,0x00000007c0100000)
 ParOldGen       total 168448K, used 25718K [0x0000000708e00000, 0x0000000713280000, 0x00000007ada00000)
  object space 168448K, 15% used [0x0000000708e00000,0x000000070a71d850,0x0000000713280000)
 PSPermGen       total 30720K, used 30657K [0x0000000703c00000, 0x0000000705a00000, 0x0000000708e00000)
  object space 30720K, 99% used [0x0000000703c00000,0x00000007059f0610,0x0000000705a00000)
}
Event: 32.368 GC heap before
{Heap before GC invocations=6 (full 0):
 PSYoungGen      total 138240K, used 138211K [0x00000007ada00000, 0x00000007c0100000, 0x0000000800000000)
  eden space 128000K, 100% used [0x00000007ada00000,0x00000007b5700000,0x00000007b5700000)
  from space 10240K, 99% used [0x00000007b5700000,0x00000007b60f8d80,0x00000007b6100000)
  to   space 23040K, 0% used [0x00000007bea80000,0x00000007bea80000,0x00000007c0100000)
 ParOldGen       total 168448K, used 25718K [0x0000000708e00000, 0x0000000713280000, 0x00000007ada00000)
  object space 168448K, 15% used [0x0000000708e00000,0x000000070a71d850,0x0000000713280000)
 PSPermGen       total 35328K, used 35208K [0x0000000703c00000, 0x0000000705e80000, 0x0000000708e00000)
  object space 35328K, 99% used [0x0000000703c00000,0x0000000705e622d0,0x0000000705e80000)
Event: 32.392 GC heap after
Heap after GC invocations=6 (full 0):
 PSYoungGen      total 279040K, used 18003K [0x00000007ada00000, 0x00000007c0100000, 0x0000000800000000)
  eden space 256000K, 0% used [0x00000007ada00000,0x00000007ada00000,0x00000007bd400000)
  from space 23040K, 78% used [0x00000007bea80000,0x00000007bfc14e00,0x00000007c0100000)
  to   space 23040K, 0% used [0x00000007bd400000,0x00000007bd400000,0x00000007bea80000)
 ParOldGen       total 168448K, used 25726K [0x0000000708e00000, 0x0000000713280000, 0x00000007ada00000)
  object space 168448K, 15% used [0x0000000708e00000,0x000000070a71f850,0x0000000713280000)
 PSPermGen       total 35328K, used 35208K [0x0000000703c00000, 0x0000000705e80000, 0x0000000708e00000)
  object space 35328K, 99% used [0x0000000703c00000,0x0000000705e622d0,0x0000000705e80000)
}
Event: 34.728 GC heap before
{Heap before GC invocations=7 (full 0):
 PSYoungGen      total 279040K, used 274003K [0x00000007ada00000, 0x00000007c0100000, 0x0000000800000000)
  eden space 256000K, 100% used [0x00000007ada00000,0x00000007bd400000,0x00000007bd400000)
  from space 23040K, 78% used [0x00000007bea80000,0x00000007bfc14e00,0x00000007c0100000)
  to   space 23040K, 0% used [0x00000007bd400000,0x00000007bd400000,0x00000007bea80000)
 ParOldGen       total 168448K, used 25726K [0x0000000708e00000, 0x0000000713280000, 0x00000007ada00000)
  object space 168448K, 15% used [0x0000000708e00000,0x000000070a71f850,0x0000000713280000)
 PSPermGen       total 37888K, used 37885K [0x0000000703c00000, 0x0000000706100000, 0x0000000708e00000)
  object space 37888K, 99% used [0x0000000703c00000,0x00000007060ff5d8,0x0000000706100000)
Event: 34.753 GC heap after
Heap after GC invocations=7 (full 0):
 PSYoungGen      total 279040K, used 18344K [0x00000007ada00000, 0x00000007cfc00000, 0x0000000800000000)
  eden space 256000K, 0% used [0x00000007ada00000,0x00000007ada00000,0x00000007bd400000)
  from space 23040K, 79% used [0x00000007bd400000,0x00000007be5ea2a8,0x00000007bea80000)
  to   space 23552K, 0% used [0x00000007ce500000,0x00000007ce500000,0x00000007cfc00000)
 ParOldGen       total 168448K, used 29481K [0x0000000708e00000, 0x0000000713280000, 0x00000007ada00000)
  object space 168448K, 17% used [0x0000000708e00000,0x000000070aaca448,0x0000000713280000)
 PSPermGen       total 37888K, used 37885K [0x0000000703c00000, 0x0000000706100000, 0x0000000708e00000)
  object space 37888K, 99% used [0x0000000703c00000,0x00000007060ff5d8,0x0000000706100000)
}

